0.38545 0.0102867 0.009175 0.00888417 0.0089025 0.00838167 0.00753167 0.00732 0.00692667 0.00646917 0.0061775 0.00594583 0.00562333 0.00513583 0.00471167 0.00427 0.00389833 0.00352 0.00305 0.00259417 0.0020325 0.00149583 0.00115333 0.0008075 0.000539167 0.0003925 0.000241667 0.000179167 0.000105833 6.41667e-05 2.41667e-05 1.33333e-05 4.16667e-06 3.33333e-06 8.33333e-07 0 8.33333e-07 0 0 0 0 0
0.00587333 0.00192917 0.00148083 0.0013975 0.00128167 0.001265 0.00113833 0.001065 0.00106417 0.000970833 0.00095 0.000825833 0.0008675 0.000790833 0.000803333 0.0007025 0.0006825 0.000683333 0.000683333 0.0006425 0.000585833 0.000460833 0.000345833 0.000273333 0.000209167 0.0001075 7.16667e-05 4e-05 2.41667e-05 3.33333e-06 3.33333e-06 2.5e-06 0 0 0 0 0 0 0 0 0 0
0.00340583 0.00126083 0.00106333 0.000968333 0.000988333 0.0009375 0.00084 0.000764167 0.000745833 0.000705833 0.000659167 0.000619167 0.00059 0.0005875 0.000595833 0.00056 0.000565 0.000501667 0.000535833 0.0005925 0.000539167 0.0005075 0.000343333 0.000259167 0.0001675 0.000104167 7.25e-05 2.41667e-05 2.08333e-05 1.16667e-05 5.83333e-06 3.33333e-06 8.33333e-07 0 0 0 0 0 0 0 0 0
0.00225917 0.0010775 0.0008675 0.000785 0.0007325 0.0007425 0.000718333 0.000658333 0.000585 0.00052 0.000555 0.000514167 0.000485 0.000474167 0.00041 0.000425 0.000416667 0.000484167 0.000538333 0.000606667 0.000576667 0.000561667 0.00045 0.000340833 0.000235833 0.000118333 7.75e-05 2.75e-05 2.5e-05 2.5e-06 1.66667e-06 8.33333e-07 0 0 0 0 0 0 0 0 0 0
0.00179417 0.000849167 0.000658333 0.000614167 0.0005775 0.000483333 0.000485 0.000456667 0.000423333 0.000335 0.000354167 0.000333333 0.0003275 0.000279167 0.0003025 0.000316667 0.000318333 0.000366667 0.0003775 0.000460833 0.000410833 0.000370833 0.000305 0.000286667 0.000176667 0.000126667 4.5e-05 2.83333e-05 1.25e-05 5.83333e-06 3.33333e-06 0 1.66667e-06 0 0 0 0 0 0 0 0 0
0.00141333 0.000650833 0.00042 0.00035 0.000348333 0.000340833 0.000313333 0.0002725 0.0002425 0.000249167 0.0002275 0.000219167 0.000181667 0.000185 0.000198333 0.000198333 0.000195833 0.000199167 0.000240833 0.000236667 0.000200833 0.000200833 0.00017 0.000116667 9.33333e-05 5.41667e-05 3.16667e-05 1.16667e-05 3.33333e-06 4.16667e-06 8.33333e-07 8.33333e-07 8.33333e-07 0 0 0 0 0 0 0 0 0
0.00135667 0.0005725 0.000319167 0.000274167 0.0002275 0.000200833 0.0001925 0.0001725 0.000185833 0.000158333 0.000175833 0.000133333 0.000120833 0.000129167 0.000134167 0.0001175 0.000116667 0.0001125 0.000120833 0.000124167 0.000113333 9.75e-05 7.08333e-05 5.08333e-05 3.08333e-05 1.75e-05 1.41667e-05 5.83333e-06 4.16667e-06 0 8.33333e-07 0 0 0 8.33333e-07 0 0 0 0 0 0 0
0.00141167 0.000784167 0.000348333 0.000199167 0.0001475 0.000138333 0.0001275 0.000136667 0.000124167 0.000123333 0.0001425 0.0001075 0.000114167 8.5e-05 0.000104167 8.91667e-05 0.000103333 6.91667e-05 8.5e-05 6.83333e-05 6.25e-05 4.5e-05 4.33333e-05 2.91667e-05 2.25e-05 1e-05 7.5e-06 5.83333e-06 3.33333e-06 1.66667e-06 0 8.33333e-07 0 0 0 0 0 0 0 0 0 0
0.00142333 0.000946667 0.00042 0.0001575 0.000169167 0.000120833 0.000113333 9.91667e-05 9.41667e-05 9.66667e-05 0.0001175 8.58333e-05 0.000101667 8.83333e-05 7.33333e-05 5.66667e-05 7.16667e-05 5.58333e-05 6.25e-05 4.91667e-05 5.16667e-05 2.08333e-05 1.75e-05 1.58333e-05 7.5e-06 7.5e-06 4.16667e-06 1.66667e-06 8.33333e-07 0 0 0 0 0 0 0 0 0 0 0 0 0
0.00135167 0.0010225 0.000504167 0.0001425 0.000125 7.58333e-05 8.5e-05 7.58333e-05 9.41667e-05 8.66667e-05 8.41667e-05 7.5e-05 6.75e-05 6.5e-05 5.08333e-05 4.16667e-05 5.08333e-05 4.08333e-05 3.91667e-05 3.08333e-05 3.91667e-05 1.91667e-05 8.33333e-06 1.91667e-05 9.16667e-06 9.16667e-06 2.5e-06 0 0 0 0 0 0 0 0 0 0 0 0 0 0 0
0.00134667 0.0011875 0.000695833 0.000173333 0.000108333 7.75e-05 6.41667e-05 5.5e-05 4.91667e-05 5.66667e-05 5.41667e-05 5.91667e-05 3.91667e-05 4.16667e-05 3.83333e-05 3.16667e-05 3e-05 2.25e-05 2.25e-05 1.83333e-05 1.08333e-05 1.5e-05 5.83333e-06 6.66667e-06 5.83333e-06 3.33333e-06 4.16667e-06 0 8.33333e-07 0 0 0 0 0 0 0 0 0 0 0 0 0
0.00137833 0.0013575 0.000953333 0.000226667 0.0001125 6.08333e-05 5.83333e-05 5.16667e-05 5.08333e-05 3.66667e-05 3.16667e-05 2.66667e-05 2.66667e-05 3e-05 2.25e-05 2.25e-05 1.25e-05 1.16667e-05 7.5e-06 9.16667e-06 5.83333e-06 2.5e-06 8.33333e-07 2.5e-06 2.5e-06 0 0 0 0 0 0 0 0 0 0 0 0 0 0 0 0 0
0.0014325 0.00149167 0.0011925 0.000325 0.000120833 6.16667e-05 6.41667e-05 4.25e-05 3.75e-05 2.66667e-05 3.08333e-05 2.16667e-05 1.58333e-05 2.08333e-05 1.41667e-05 1.33333e-05 3.33333e-06 5e-06 2.5e-06 7.5e-06 2.5e-06 1.66667e-06 8.33333e-07 0 0 0 0 0 0 0 0 0 0 0 0 0 0 0 0 0 0 0
0.00152333 0.00155 0.00137417 0.000413333 0.0001675 6.5e-05 5.08333e-05 4.91667e-05 4.08333e-05 3.58333e-05 2e-05 2e-05 1.25e-05 2.58333e-05 1.25e-05 7.5e-06 5e-06 8.33333e-07 1.66667e-06 8.33333e-07 0 8.33333e-07 0 0 0 0 0 0 0 0 0 0 0 0 0 0 0 0 0 0 0 0
0.00186333 0.001755 0.00158083 0.000624167 0.000215833 7.91667e-05 4.33333e-05 4e-05 4.41667e-05 2.16667e-05 2.58333e-05 2.25e-05 1.66667e-05 1.83333e-05 7.5e-06 4.16667e-06 5.83333e-06 2.5e-06 1.66667e-06 0 0 0 0 0 0 0 0 0 0 0 0 0 0 0 0 0 0 0 0 0 0 0
0.0024575 0.00209333 0.00206417 0.00103333 0.0003475 0.000108333 6.33333e-05 4.58333e-05 3.08333e-05 2.33333e-05 1.83333e-05 1.25e-05 2.41667e-05 1.5e-05 1.33333e-05 4.16667e-06 4.16667e-06 8.33333e-07 8.33333e-07 0 0 0 0 0 0 0 0 0 0 0 0 0 0 0 0 0 0 0 0 0 0 0
0.003055 0.00285833 0.00299833 0.00167333 0.00047 0.000105833 8e-05 5.25e-05 5.08333e-05 3.75e-05 3.25e-05 1.75e-05 1.16667e-05 1.25e-05 5e-06 5.83333e-06 3.33333e-06 1.66667e-06 8.33333e-07 0 0 0 0 0 0 0 0 0 0 0 0 0 0 0 0 0 0 0 0 0 0 0
0.0046725 0.00319083 0.00386083 0.00259 0.000815 0.000171667 9.08333e-05 6.33333e-05 6.25e-05 4.16667e-05 2.83333e-05 1.16667e-05 8.33333e-06 9.16667e-06 5.83333e-06 4.16667e-06 1.66667e-06 8.33333e-07 8.33333e-07 0 8.33333e-07 0 0 0 0 0 0 0 0 0 0 0 0 0 0 0 0 0 0 0 0 0
0.0085325 0.00369917 0.0048675 0.00363083 0.00110583 0.000193333 0.000116667 7.33333e-05 7e-05 4.58333e-05 2.25e-05 1.66667e-05 9.16667e-06 7.5e-06 2.5e-06 3.33333e-06 8.33333e-07 0 8.33333e-07 8.33333e-07 0 0 0 0 0 0 0 0 0 0 0 0 0 0 0 0 0 0 0 0 0 0
0.0138067 0.00535333 0.00551917 0.00429417 0.00145083 0.000280833 0.00013 8.75e-05 6.08333e-05 3.41667e-05 3.33333e-05 2e-05 8.33333e-06 1.66667e-06 4.16667e-06 8.33333e-07 1.66667e-06 8.33333e-07 0 0 0 0 0 0 0 0 0 0 0 0 0 0 0 0 0 0 0 0 0 0 0 0
0.0158583 0.00821417 0.00617917 0.00433333 0.00138583 0.000330833 0.000164167 0.000115 7.25e-05 3.83333e-05 3.25e-05 1.91667e-05 5e-06 3.33333e-06 3.33333e-06 8.33333e-07 0 0 0 0 0 0 0 0 0 0 0 0 0 0 0 0 0 0 0 0 0 0 0 0 0 0
0.0149125 0.0112433 0.00651333 0.00387 0.001235 0.000368333 0.00017 0.000105833 7.91667e-05 5.08333e-05 2.83333e-05 2.5e-05 9.16667e-06 5e-06 2.5e-06 0 8.33333e-07 0 0 0 0 0 0 0 0 0 0 0 0 0 0 0 0 0 0 0 0 0 0 0 0 0
0.012825 0.0116633 0.00647583 0.00311 0.001085 0.000410833 0.000183333 0.0001075 6.5e-05 5.16667e-05 3.33333e-05 1.66667e-05 1.33333e-05 5e-06 5e-06 8.33333e-07 1.66667e-06 0 0 0 0 0 0 0 0 0 0 0 0 0 0 0 0 0 0 0 0 0 0 0 0 0
0.0107683 0.0100142 0.0058525 0.003155 0.00114167 0.000460833 0.0002175 0.000130833 7.33333e-05 4.41667e-05 3.83333e-05 2e-05 1.08333e-05 5e-06 1.66667e-06 0 0 0 0 0 0 0 0 0 0 0 0 0 0 0 0 0 0 0 0 0 0 0 0 0 0 0
0.01002 0.0079875 0.00521667 0.003405 0.0013075 0.000565 0.000294167 0.000144167 8.83333e-05 5.91667e-05 4e-05 1.66667e-05 8.33333e-06 4.16667e-06 0 0 8.33333e-07 0 0 0 0 0 0 0 0 0 0 0 0 0 0 0 0 0 0 0 0 0 0 0 0 0
0.00941 0.00647583 0.00452917 0.00315667 0.00147333 0.0006675 0.000345833 0.000188333 9.58333e-05 6.25e-05 4.33333e-05 2.08333e-05 9.16667e-06 1.66667e-06 2.5e-06 0 0 0 0 0 0 0 0 0 0 0 0 0 0 0 0 0 0 0 0 0 0 0 0 0 0 0
0.00740167 0.00525333 0.00402333 0.00277833 0.00148333 0.000673333 0.00033 0.000191667 0.0001 7.16667e-05 4.58333e-05 2.75e-05 1e-05 4.16667e-06 0 8.33333e-07 0 0 0 0 0 0 0 0 0 0 0 0 0 0 0 0 0 0 0 0 0 0 0 0 0 0
0.00495083 0.00411833 0.00369833 0.00241 0.001345 0.000606667 0.000321667 0.000178333 0.000115833 7.5e-05 5.58333e-05 2.16667e-05 1.58333e-05 2.5e-06 1.66667e-06 0 0 0 0 0 0 0 0 0 0 0 0 0 0 0 0 0 0 0 0 0 0 0 0 0 0 0
0.00307083 0.00265167 0.00265333 0.00173667 0.000996667 0.000515 0.000239167 0.000135833 8e-05 6.25e-05 3.91667e-05 3.16667e-05 1.83333e-05 4.16667e-06 3.33333e-06 0 0 0 0 0 0 0 0 0 0 0 0 0 0 0 0 0 0 0 0 0 0 0 0 0 0 0
0.00203 0.0017975 0.00158583 0.000925833 0.0005475 0.000310833 0.000173333 9.16667e-05 5.5e-05 3.66667e-05 2.5e-05 1.5e-05 8.33333e-06 1.66667e-06 1.66667e-06 0 0 0 0 0 0 0 0 0 0 0 0 0 0 0 0 0 0 0 0 0 0 0 0 0 0 0
0.0013825 0.0011925 0.00100083 0.000573333 0.000281667 0.000206667 0.000114167 7.25e-05 5.58333e-05 2.5e-05 1.83333e-05 7.5e-06 5e-06 2.5e-06 0 0 0 0 0 0 0 0 0 0 0 0 0 0 0 0 0 0 0 0 0 0 0 0 0 0 0 0
0.00108583 0.000971667 0.0006775 0.000275 0.000169167 0.000123333 5.83333e-05 4.58333e-05 3.5e-05 2.25e-05 1.41667e-05 3.33333e-06 1.66667e-06 0 8.33333e-07 0 0 0 0 0 0 0 0 0 0 0 0 0 0 0 0 0 0 0 0 0 0 0 0 0 0 0
0.000878333 0.000660833 0.0004975 0.000178333 8.91667e-05 6.5e-05 5.08333e-05 3.41667e-05 2e-05 1.41667e-05 1.33333e-05 2.5e-06 1.66667e-06 1.66667e-06 0 0 0 0 0 0 0 0 0 0 0 0 0 0 0 0 0 0 0 0 0 0 0 0 0 0 0 0
0.0004225 0.000458333 0.000363333 0.000105833 7.08333e-05 3.5e-05 2.75e-05 2.5e-05 1.66667e-05 1.08333e-05 4.16667e-06 1.66667e-06 1.66667e-06 0 0 0 0 0 0 0 0 0 0 0 0 0 0 0 0 0 0 0 0 0 0 0 0 0 0 0 0 0
0.0002075 0.000235 0.000199167 7.5e-05 4.25e-05 1.75e-05 1.41667e-05 2.16667e-05 8.33333e-06 3.33333e-06 1.66667e-06 3.33333e-06 0 8.33333e-07 0 0 0 0 0 0 0 0 0 0 0 0 0 0 0 0 0 0 0 0 0 0 0 0 0 0 0 0
4.25e-05 0.000105 0.00011 4.16667e-05 1.66667e-05 6.66667e-06 1e-05 8.33333e-06 5e-06 2.5e-06 8.33333e-07 0 0 0 0 0 0 0 0 0 0 0 0 0 0 0 0 0 0 0 0 0 0 0 0 0 0 0 0 0 0 0
1.16667e-05 4.91667e-05 4.33333e-05 1.5e-05 4.16667e-06 3.33333e-06 2.5e-06 8.33333e-07 1.66667e-06 0 0 0 0 0 0 0 0 0 0 0 0 0 0 0 0 0 0 0 0 0 0 0 0 0 0 0 0 0 0 0 0 0
2.5e-06 1.58333e-05 9.16667e-06 5e-06 8.33333e-07 0 0 0 0 0 0 0 0 0 0 0 0 0 0 0 0 0 0 0 0 0 0 0 0 0 0 0 0 0 0 0 0 0 0 0 0 0
0 8.33333e-07 2.5e-06 0 0 0 0 0 0 0 0 0 0 0 0 0 0 0 0 0 0 0 0 0 0 0 0 0 0 0 0 0 0 0 0 0 0 0 0 0 0 0
0 8.33333e-07 8.33333e-07 0 0 0 0 0 0 0 0 0 0 0 0 0 0 0 0 0 0 0 0 0 0 0 0 0 0 0 0 0 0 0 0 0 0 0 0 0 0 0
0 0 0 0 0 0 0 0 0 0 0 0 0 0 0 0 0 0 0 0 0 0 0 0 0 0 0 0 0 0 0 0 0 0 0 0 0 0 0 0 0 0
0 0 0 0 0 0 0 0 0 0 0 0 0 0 0 0 0 0 0 0 0 0 0 0 0 0 0 0 0 0 0 0 0 0 0 0 0 0 0 0 0 0
